This file contains any messages produced by compilers while
running configure, to aid debugging if configure makes a mistake.

It was created by neftis configure 0.0.0, which was
generated by GNU Autoconf 2.65.  Invocation command line was

  $ ./configure 

## --------- ##
## Platform. ##
## --------- ##

hostname = metalloid
uname -m = i686
uname -r = 2.6.30.5
uname -s = Linux
uname -v = #1 SMP PREEMPT Sun Aug 23 17:33:38 CEST 2009

/usr/bin/uname -p = unknown
/bin/uname -X     = unknown

/bin/arch              = unknown
/usr/bin/arch -k       = unknown
/usr/convex/getsysinfo = unknown
/usr/bin/hostinfo      = unknown
/bin/machine           = unknown
/usr/bin/oslevel       = unknown
/bin/universe          = unknown

PATH: /usr/local/bin
PATH: /usr/bin
PATH: /bin
PATH: /usr/games
PATH: /sbin
PATH: /usr/sbin
PATH: /usr/share/games
PATH: /usr/local/games
PATH: /home/waldo/bin
PATH: /usr/local/bin
PATH: /usr/games
PATH: .
PATH: /usr/local/cuda/bin


## ----------- ##
## Core tests. ##
## ----------- ##

configure:2261: checking for a BSD-compatible install
configure:2329: result: /usr/bin/install -c
configure:2340: checking whether build environment is sane
configure:2390: result: yes
configure:2531: checking for a thread-safe mkdir -p
configure:2570: result: /bin/mkdir -p
configure:2583: checking for gawk
configure:2599: found /usr/bin/gawk
configure:2610: result: gawk
configure:2621: checking whether make sets $(MAKE)
configure:2643: result: yes
configure:2780: checking for gcc
configure:2796: found /usr/bin/gcc
configure:2807: result: gcc
configure:3036: checking for C compiler version
configure:3045: gcc --version >&5
gcc (Debian 4.4.4-7) 4.4.4
Copyright (C) 2010 Free Software Foundation, Inc.
This is free software; see the source for copying conditions.  There is NO
warranty; not even for MERCHANTABILITY or FITNESS FOR A PARTICULAR PURPOSE.

configure:3056: $? = 0
configure:3045: gcc -v >&5
Using built-in specs.
Target: i486-linux-gnu
Configured with: ../src/configure -v --with-pkgversion='Debian 4.4.4-7' --with-bugurl=file:///usr/share/doc/gcc-4.4/README.Bugs --enable-languages=c,c++,fortran,objc,obj-c++ --prefix=/usr --enable-shared --enable-multiarch --enable-linker-build-id --with-system-zlib --libexecdir=/usr/lib --without-included-gettext --enable-threads=posix --with-gxx-include-dir=/usr/include/c++/4.4 --program-suffix=-4.4 --enable-nls --enable-clocale=gnu --enable-libstdcxx-debug --enable-objc-gc --enable-targets=all --with-arch-32=i586 --with-tune=generic --enable-checking=release --build=i486-linux-gnu --host=i486-linux-gnu --target=i486-linux-gnu
Thread model: posix
gcc version 4.4.4 (Debian 4.4.4-7) 
configure:3056: $? = 0
configure:3045: gcc -V >&5
gcc: '-V' option must have argument
configure:3056: $? = 1
configure:3045: gcc -qversion >&5
gcc: unrecognized option '-qversion'
gcc: no input files
configure:3056: $? = 1
configure:3076: checking whether the C compiler works
configure:3098: gcc    conftest.c  >&5
configure:3102: $? = 0
configure:3151: result: yes
configure:3154: checking for C compiler default output file name
configure:3156: result: a.out
configure:3162: checking for suffix of executables
configure:3169: gcc -o conftest    conftest.c  >&5
configure:3173: $? = 0
configure:3195: result: 
configure:3217: checking whether we are cross compiling
configure:3225: gcc -o conftest    conftest.c  >&5
configure:3229: $? = 0
configure:3236: ./conftest
configure:3240: $? = 0
configure:3255: result: no
configure:3260: checking for suffix of object files
configure:3282: gcc -c   conftest.c >&5
configure:3286: $? = 0
configure:3307: result: o
configure:3311: checking whether we are using the GNU C compiler
configure:3330: gcc -c   conftest.c >&5
configure:3330: $? = 0
configure:3339: result: yes
configure:3348: checking whether gcc accepts -g
configure:3368: gcc -c -g  conftest.c >&5
configure:3368: $? = 0
configure:3409: result: yes
configure:3426: checking for gcc option to accept ISO C89
configure:3490: gcc  -c -g -O2  conftest.c >&5
configure:3490: $? = 0
configure:3503: result: none needed
configure:3534: checking for style of include used by make
configure:3562: result: GNU
configure:3587: checking dependency style of gcc
configure:3697: result: gcc3
configure:3713: checking whether gcc and cc understand -c and -o together
configure:3744: gcc -c conftest.c -o conftest2.o >&5
configure:3748: $? = 0
configure:3754: gcc -c conftest.c -o conftest2.o >&5
configure:3758: $? = 0
configure:3769: cc -c conftest.c >&5
configure:3773: $? = 0
configure:3781: cc -c conftest.c -o conftest2.o >&5
configure:3785: $? = 0
configure:3791: cc -c conftest.c -o conftest2.o >&5
configure:3795: $? = 0
configure:3813: result: yes
configure:3847: checking dependency style of gcc
configure:3955: result: gcc3
configure:4013: checking for ranlib
configure:4029: found /usr/bin/ranlib
configure:4040: result: ranlib
configure:4091: checking build system type
configure:4105: result: i686-pc-linux-gnu
configure:4125: checking host system type
configure:4138: result: i686-pc-linux-gnu
configure:4158: checking for a sed that does not truncate output
configure:4222: result: /bin/sed
configure:4240: checking for grep that handles long lines and -e
configure:4298: result: /bin/grep
configure:4303: checking for egrep
configure:4365: result: /bin/grep -E
configure:4370: checking for fgrep
configure:4432: result: /bin/grep -F
configure:4467: checking for ld used by gcc
configure:4534: result: /usr/bin/ld
configure:4541: checking if the linker (/usr/bin/ld) is GNU ld
configure:4556: result: yes
configure:4568: checking for BSD- or MS-compatible name lister (nm)
configure:4617: result: /usr/bin/nm -B
configure:4735: checking the name lister (/usr/bin/nm -B) interface
configure:4742: gcc -c -g -O2  conftest.c >&5
configure:4745: /usr/bin/nm -B "conftest.o"
configure:4748: output
00000000 B some_variable
configure:4755: result: BSD nm
configure:4758: checking whether ln -s works
configure:4762: result: yes
configure:4770: checking the maximum length of command line arguments
configure:4890: result: 1572864
configure:4907: checking whether the shell understands some XSI constructs
configure:4917: result: yes
configure:4921: checking whether the shell understands "+="
configure:4927: result: yes
configure:4962: checking for /usr/bin/ld option to reload object files
configure:4969: result: -r
configure:5038: checking for objdump
configure:5054: found /usr/bin/objdump
configure:5065: result: objdump
configure:5097: checking how to recognize dependent libraries
configure:5293: result: pass_all
configure:5353: checking for ar
configure:5369: found /usr/bin/ar
configure:5380: result: ar
configure:5458: checking for strip
configure:5474: found /usr/bin/strip
configure:5485: result: strip
configure:5557: checking for ranlib
configure:5584: result: ranlib
configure:5674: checking command to parse /usr/bin/nm -B output from gcc object
configure:5792: gcc -c -g -O2  conftest.c >&5
configure:5795: $? = 0
configure:5799: /usr/bin/nm -B conftest.o \| sed -n -e 's/^.*[	 ]\([ABCDGIRSTW][ABCDGIRSTW]*\)[	 ][	 ]*\([_A-Za-z][_A-Za-z0-9]*\)$/\1 \2 \2/p' \> conftest.nm
configure:5802: $? = 0
configure:5856: gcc -o conftest -g -O2   conftest.c conftstm.o >&5
configure:5859: $? = 0
configure:5897: result: ok
configure:6706: checking how to run the C preprocessor
configure:6737: gcc -E  conftest.c
configure:6737: $? = 0
configure:6751: gcc -E  conftest.c
conftest.c:11:28: error: ac_nonexistent.h: No such file or directory
configure:6751: $? = 1
configure: failed program was:
| /* confdefs.h */
| #define PACKAGE_NAME "neftis"
| #define PACKAGE_TARNAME "neftis"
| #define PACKAGE_VERSION "0.0.0"
| #define PACKAGE_STRING "neftis 0.0.0"
| #define PACKAGE_BUGREPORT ""
| #define PACKAGE_URL ""
| #define PACKAGE "neftis"
| #define VERSION "0.0.0"
| /* end confdefs.h.  */
| #include <ac_nonexistent.h>
configure:6776: result: gcc -E
configure:6796: gcc -E  conftest.c
configure:6796: $? = 0
configure:6810: gcc -E  conftest.c
conftest.c:11:28: error: ac_nonexistent.h: No such file or directory
configure:6810: $? = 1
configure: failed program was:
| /* confdefs.h */
| #define PACKAGE_NAME "neftis"
| #define PACKAGE_TARNAME "neftis"
| #define PACKAGE_VERSION "0.0.0"
| #define PACKAGE_STRING "neftis 0.0.0"
| #define PACKAGE_BUGREPORT ""
| #define PACKAGE_URL ""
| #define PACKAGE "neftis"
| #define VERSION "0.0.0"
| /* end confdefs.h.  */
| #include <ac_nonexistent.h>
configure:6839: checking for ANSI C header files
configure:6859: gcc -c -g -O2  conftest.c >&5
configure:6859: $? = 0
configure:6932: gcc -o conftest -g -O2   conftest.c  >&5
configure:6932: $? = 0
configure:6932: ./conftest
configure:6932: $? = 0
configure:6943: result: yes
configure:6956: checking for sys/types.h
configure:6956: gcc -c -g -O2  conftest.c >&5
configure:6956: $? = 0
configure:6956: result: yes
configure:6956: checking for sys/stat.h
configure:6956: gcc -c -g -O2  conftest.c >&5
configure:6956: $? = 0
configure:6956: result: yes
configure:6956: checking for stdlib.h
configure:6956: gcc -c -g -O2  conftest.c >&5
configure:6956: $? = 0
configure:6956: result: yes
configure:6956: checking for string.h
configure:6956: gcc -c -g -O2  conftest.c >&5
configure:6956: $? = 0
configure:6956: result: yes
configure:6956: checking for memory.h
configure:6956: gcc -c -g -O2  conftest.c >&5
configure:6956: $? = 0
configure:6956: result: yes
configure:6956: checking for strings.h
configure:6956: gcc -c -g -O2  conftest.c >&5
configure:6956: $? = 0
configure:6956: result: yes
configure:6956: checking for inttypes.h
configure:6956: gcc -c -g -O2  conftest.c >&5
configure:6956: $? = 0
configure:6956: result: yes
configure:6956: checking for stdint.h
configure:6956: gcc -c -g -O2  conftest.c >&5
configure:6956: $? = 0
configure:6956: result: yes
configure:6956: checking for unistd.h
configure:6956: gcc -c -g -O2  conftest.c >&5
configure:6956: $? = 0
configure:6956: result: yes
configure:6971: checking for dlfcn.h
configure:6971: gcc -c -g -O2  conftest.c >&5
configure:6971: $? = 0
configure:6971: result: yes
configure:7155: checking for objdir
configure:7170: result: .libs
configure:7462: checking if gcc supports -fno-rtti -fno-exceptions
configure:7480: gcc -c -g -O2  -fno-rtti -fno-exceptions conftest.c >&5
cc1: warning: command line option "-fno-rtti" is valid for C++/ObjC++ but not for C
configure:7484: $? = 0
configure:7497: result: no
configure:7517: checking for gcc option to produce PIC
configure:7789: result: -fPIC -DPIC
configure:7801: checking if gcc PIC flag -fPIC -DPIC works
configure:7819: gcc -c -g -O2  -fPIC -DPIC -DPIC conftest.c >&5
configure:7823: $? = 0
configure:7836: result: yes
configure:7860: checking if gcc static flag -static works
configure:7888: result: yes
configure:7903: checking if gcc supports -c -o file.o
configure:7924: gcc -c -g -O2  -o out/conftest2.o conftest.c >&5
configure:7928: $? = 0
configure:7950: result: yes
configure:7958: checking if gcc supports -c -o file.o
configure:8005: result: yes
configure:8038: checking whether the gcc linker (/usr/bin/ld) supports shared libraries
configure:9029: result: yes
configure:9066: checking whether -lc should be explicitly linked in
configure:9071: gcc -c -g -O2  conftest.c >&5
configure:9074: $? = 0
configure:9089: gcc -shared conftest.o  -v -Wl,-soname -Wl,conftest -o conftest 2\>\&1 \| /bin/grep  -lc  \>/dev/null 2\>\&1
configure:9092: $? = 0
configure:9104: result: no
configure:9268: checking dynamic linker characteristics
configure:9701: gcc -o conftest -g -O2   -Wl,-rpath -Wl,/foo conftest.c  >&5
configure:9701: $? = 0
configure:9931: result: GNU/Linux ld.so
configure:10033: checking how to hardcode library paths into programs
configure:10058: result: immediate
configure:10578: checking whether stripping libraries is possible
configure:10583: result: yes
configure:10618: checking if libtool supports shared libraries
configure:10620: result: yes
configure:10623: checking whether to build shared libraries
configure:10644: result: yes
configure:10647: checking whether to build static libraries
configure:10651: result: yes
configure:10699: checking for inline
configure:10715: gcc -c   conftest.c >&5
configure:10715: $? = 0
configure:10723: result: inline
configure:10877: creating ./config.status

## ---------------------- ##
## Running config.status. ##
## ---------------------- ##

This file was extended by neftis config.status 0.0.0, which was
generated by GNU Autoconf 2.65.  Invocation command line was

  CONFIG_FILES    = 
  CONFIG_HEADERS  = 
  CONFIG_LINKS    = 
  CONFIG_COMMANDS = 
  $ ./config.status 

on metalloid

config.status:1073: creating Makefile
config.status:1073: creating microkernel/arch/x86/Makefile
config.status:1073: creating microkernel/Makefile
config.status:1073: creating microkernel/include/config.h
config.status:1245: microkernel/include/config.h is unchanged
config.status:1293: executing depfiles commands
config.status:1293: executing libtool commands

## ---------------- ##
## Cache variables. ##
## ---------------- ##

ac_cv_build=i686-pc-linux-gnu
ac_cv_c_compiler_gnu=yes
ac_cv_c_inline=inline
ac_cv_env_CCASFLAGS_set=
ac_cv_env_CCASFLAGS_value=
ac_cv_env_CCAS_set=
ac_cv_env_CCAS_value=
ac_cv_env_CC_set=
ac_cv_env_CC_value=
ac_cv_env_CFLAGS_set=
ac_cv_env_CFLAGS_value=
ac_cv_env_CPPFLAGS_set=
ac_cv_env_CPPFLAGS_value=
ac_cv_env_CPP_set=
ac_cv_env_CPP_value=
ac_cv_env_LDFLAGS_set=
ac_cv_env_LDFLAGS_value=
ac_cv_env_LIBS_set=
ac_cv_env_LIBS_value=
ac_cv_env_build_alias_set=
ac_cv_env_build_alias_value=
ac_cv_env_host_alias_set=
ac_cv_env_host_alias_value=
ac_cv_env_target_alias_set=
ac_cv_env_target_alias_value=
ac_cv_header_dlfcn_h=yes
ac_cv_header_inttypes_h=yes
ac_cv_header_memory_h=yes
ac_cv_header_stdc=yes
ac_cv_header_stdint_h=yes
ac_cv_header_stdlib_h=yes
ac_cv_header_string_h=yes
ac_cv_header_strings_h=yes
ac_cv_header_sys_stat_h=yes
ac_cv_header_sys_types_h=yes
ac_cv_header_unistd_h=yes
ac_cv_host=i686-pc-linux-gnu
ac_cv_objext=o
ac_cv_path_EGREP='/bin/grep -E'
ac_cv_path_FGREP='/bin/grep -F'
ac_cv_path_GREP=/bin/grep
ac_cv_path_SED=/bin/sed
ac_cv_path_install='/usr/bin/install -c'
ac_cv_path_mkdir=/bin/mkdir
ac_cv_prog_AWK=gawk
ac_cv_prog_CPP='gcc -E'
ac_cv_prog_ac_ct_AR=ar
ac_cv_prog_ac_ct_CC=gcc
ac_cv_prog_ac_ct_OBJDUMP=objdump
ac_cv_prog_ac_ct_RANLIB=ranlib
ac_cv_prog_ac_ct_STRIP=strip
ac_cv_prog_cc_c89=
ac_cv_prog_cc_g=yes
ac_cv_prog_cc_gcc_c_o=yes
ac_cv_prog_make_make_set=yes
am_cv_CCAS_dependencies_compiler_type=gcc3
am_cv_CC_dependencies_compiler_type=gcc3
lt_cv_deplibs_check_method=pass_all
lt_cv_file_magic_cmd='$MAGIC_CMD'
lt_cv_file_magic_test_file=
lt_cv_ld_reload_flag=-r
lt_cv_nm_interface='BSD nm'
lt_cv_objdir=.libs
lt_cv_path_LD=/usr/bin/ld
lt_cv_path_NM='/usr/bin/nm -B'
lt_cv_prog_compiler_c_o=yes
lt_cv_prog_compiler_pic_works=yes
lt_cv_prog_compiler_rtti_exceptions=no
lt_cv_prog_compiler_static_works=yes
lt_cv_prog_gnu_ld=yes
lt_cv_sys_global_symbol_pipe='sed -n -e '\''s/^.*[	 ]\([ABCDGIRSTW][ABCDGIRSTW]*\)[	 ][	 ]*\([_A-Za-z][_A-Za-z0-9]*\)$/\1 \2 \2/p'\'''
lt_cv_sys_global_symbol_to_c_name_address='sed -n -e '\''s/^: \([^ ]*\) $/  {\"\1\", (void *) 0},/p'\'' -e '\''s/^[ABCDGIRSTW]* \([^ ]*\) \([^ ]*\)$/  {"\2", (void *) \&\2},/p'\'''
lt_cv_sys_global_symbol_to_c_name_address_lib_prefix='sed -n -e '\''s/^: \([^ ]*\) $/  {\"\1\", (void *) 0},/p'\'' -e '\''s/^[ABCDGIRSTW]* \([^ ]*\) \(lib[^ ]*\)$/  {"\2", (void *) \&\2},/p'\'' -e '\''s/^[ABCDGIRSTW]* \([^ ]*\) \([^ ]*\)$/  {"lib\2", (void *) \&\2},/p'\'''
lt_cv_sys_global_symbol_to_cdecl='sed -n -e '\''s/^T .* \(.*\)$/extern int \1();/p'\'' -e '\''s/^[ABCDGIRSTW]* .* \(.*\)$/extern char \1;/p'\'''
lt_cv_sys_max_cmd_len=1572864

## ----------------- ##
## Output variables. ##
## ----------------- ##

ACLOCAL='${SHELL} /home/waldo/Desktop/Neftis/build-aux/missing --run aclocal-1.11'
AMDEPBACKSLASH='\'
AMDEP_FALSE='#'
AMDEP_TRUE=''
AMTAR='${SHELL} /home/waldo/Desktop/Neftis/build-aux/missing --run tar'
AM_CFLAGS='-g -O2'
AR='ar'
AUTOCONF='${SHELL} /home/waldo/Desktop/Neftis/build-aux/missing --run autoconf'
AUTOHEADER='${SHELL} /home/waldo/Desktop/Neftis/build-aux/missing --run autoheader'
AUTOMAKE='${SHELL} /home/waldo/Desktop/Neftis/build-aux/missing --run automake-1.11'
AWK='gawk'
CC='gcc'
CCAS='gcc'
CCASDEPMODE='depmode=gcc3'
CCASFLAGS='-g -O2'
CCDEPMODE='depmode=gcc3'
CFLAGS=''
CPP='gcc -E'
CPPFLAGS=''
CYGPATH_W='echo'
DEFS='-DHAVE_CONFIG_H'
DEPDIR='.deps'
DSYMUTIL=''
DUMPBIN=''
ECHO_C=''
ECHO_N='-n'
ECHO_T=''
EGREP='/bin/grep -E'
EXEEXT=''
FGREP='/bin/grep -F'
GREP='/bin/grep'
HAVE_INLINE=''
INSTALL_DATA='${INSTALL} -m 644'
INSTALL_PROGRAM='${INSTALL}'
INSTALL_SCRIPT='${INSTALL}'
INSTALL_STRIP_PROGRAM='$(install_sh) -c -s'
LD='/usr/bin/ld'
LDFLAGS=''
LIBOBJS=''
LIBS=''
LIBTOOL='$(SHELL) $(top_builddir)/libtool'
LIPO=''
LN_S='ln -s'
LTLIBOBJS=''
MAKEINFO='${SHELL} /home/waldo/Desktop/Neftis/build-aux/missing --run makeinfo'
MKDIR_P='/bin/mkdir -p'
NM='/usr/bin/nm -B'
NMEDIT=''
OBJDUMP='objdump'
OBJEXT='o'
OTOOL64=''
OTOOL=''
PACKAGE='neftis'
PACKAGE_BUGREPORT=''
PACKAGE_NAME='neftis'
PACKAGE_STRING='neftis 0.0.0'
PACKAGE_TARNAME='neftis'
PACKAGE_URL=''
PACKAGE_VERSION='0.0.0'
PATH_SEPARATOR=':'
RANLIB='ranlib'
SED='/bin/sed'
SET_MAKE=''
SHELL='/bin/bash'
STRIP='strip'
VERSION='0.0.0'
ac_ct_CC='gcc'
ac_ct_DUMPBIN=''
am__EXEEXT_FALSE=''
am__EXEEXT_TRUE='#'
am__fastdepCCAS_FALSE='#'
am__fastdepCCAS_TRUE=''
am__fastdepCC_FALSE='#'
am__fastdepCC_TRUE=''
am__include='include'
am__isrc=''
am__leading_dot='.'
am__quote=''
am__tar='${AMTAR} chof - "$$tardir"'
am__untar='${AMTAR} xf -'
bindir='${exec_prefix}/bin'
build='i686-pc-linux-gnu'
build_alias=''
build_cpu='i686'
build_os='linux-gnu'
build_vendor='pc'
datadir='${datarootdir}'
datarootdir='${prefix}/share'
docdir='${datarootdir}/doc/${PACKAGE_TARNAME}'
dvidir='${docdir}'
exec_prefix='${prefix}'
host='i686-pc-linux-gnu'
host_alias=''
host_cpu='i686'
host_os='linux-gnu'
host_vendor='pc'
htmldir='${docdir}'
includedir='${prefix}/include'
infodir='${datarootdir}/info'
install_sh='${SHELL} /home/waldo/Desktop/Neftis/build-aux/install-sh'
libdir='${exec_prefix}/lib'
libexecdir='${exec_prefix}/libexec'
localedir='${datarootdir}/locale'
localstatedir='${prefix}/var'
lt_ECHO='echo'
mandir='${datarootdir}/man'
mkdir_p='/bin/mkdir -p'
oldincludedir='/usr/include'
pdfdir='${docdir}'
prefix='/usr/local'
program_transform_name='s,x,x,'
psdir='${docdir}'
sbindir='${exec_prefix}/sbin'
sharedstatedir='${prefix}/com'
sysconfdir='${prefix}/etc'
target_alias=''

## ----------- ##
## confdefs.h. ##
## ----------- ##

/* confdefs.h */
#define PACKAGE_NAME "neftis"
#define PACKAGE_TARNAME "neftis"
#define PACKAGE_VERSION "0.0.0"
#define PACKAGE_STRING "neftis 0.0.0"
#define PACKAGE_BUGREPORT ""
#define PACKAGE_URL ""
#define PACKAGE "neftis"
#define VERSION "0.0.0"
#define STDC_HEADERS 1
#define HAVE_SYS_TYPES_H 1
#define HAVE_SYS_STAT_H 1
#define HAVE_STDLIB_H 1
#define HAVE_STRING_H 1
#define HAVE_MEMORY_H 1
#define HAVE_STRINGS_H 1
#define HAVE_INTTYPES_H 1
#define HAVE_STDINT_H 1
#define HAVE_UNISTD_H 1
#define HAVE_DLFCN_H 1
#define LT_OBJDIR ".libs/"
#define HAVE_INLINE 0
#define HAVE_INLINE 1

configure: exit 0

## ---------------------- ##
## Running config.status. ##
## ---------------------- ##

This file was extended by neftis config.status 0.0.0, which was
generated by GNU Autoconf 2.65.  Invocation command line was

  CONFIG_FILES    = 
  CONFIG_HEADERS  = 
  CONFIG_LINKS    = 
  CONFIG_COMMANDS = 
  $ ./config.status microkernel/Makefile depfiles

on metalloid

config.status:1073: creating microkernel/Makefile
config.status:1293: executing depfiles commands

## ---------------------- ##
## Running config.status. ##
## ---------------------- ##

This file was extended by neftis config.status 0.0.0, which was
generated by GNU Autoconf 2.65.  Invocation command line was

  CONFIG_FILES    = 
  CONFIG_HEADERS  = 
  CONFIG_LINKS    = 
  CONFIG_COMMANDS = 
  $ ./config.status microkernel/arch/x86/Makefile depfiles

on metalloid

config.status:1073: creating microkernel/arch/x86/Makefile
config.status:1293: executing depfiles commands

## ---------------------- ##
## Running config.status. ##
## ---------------------- ##

This file was extended by neftis config.status 0.0.0, which was
generated by GNU Autoconf 2.65.  Invocation command line was

  CONFIG_FILES    = 
  CONFIG_HEADERS  = 
  CONFIG_LINKS    = 
  CONFIG_COMMANDS = 
  $ ./config.status microkernel/Makefile depfiles

on metalloid

config.status:1073: creating microkernel/Makefile
config.status:1293: executing depfiles commands

## ---------------------- ##
## Running config.status. ##
## ---------------------- ##

This file was extended by neftis config.status 0.0.0, which was
generated by GNU Autoconf 2.65.  Invocation command line was

  CONFIG_FILES    = 
  CONFIG_HEADERS  = 
  CONFIG_LINKS    = 
  CONFIG_COMMANDS = 
  $ ./config.status microkernel/Makefile depfiles

on metalloid

config.status:1073: creating microkernel/Makefile
config.status:1293: executing depfiles commands

## ---------------------- ##
## Running config.status. ##
## ---------------------- ##

This file was extended by neftis config.status 0.0.0, which was
generated by GNU Autoconf 2.65.  Invocation command line was

  CONFIG_FILES    = 
  CONFIG_HEADERS  = 
  CONFIG_LINKS    = 
  CONFIG_COMMANDS = 
  $ ./config.status microkernel/Makefile depfiles

on metalloid

config.status:1073: creating microkernel/Makefile
config.status:1293: executing depfiles commands
